[16:57:51] [WARN] Crucible entry for Oak Sapling with meta 0 already exists, skipping.
[16:57:51] [WARN] Crucible entry for Spruce Sapling with meta 1 already exists, skipping.
[16:57:51] [WARN] Crucible entry for Birch Sapling with meta 2 already exists, skipping.
[16:57:51] [WARN] Crucible entry for Jungle Sapling with meta 3 already exists, skipping.
[16:57:51] [WARN] Crucible entry for Acacia Sapling with meta 4 already exists, skipping.
[16:57:51] [WARN] Crucible entry for Dark Oak Sapling with meta 5 already exists, skipping.
[16:57:52] [INFO] Enabled support for The One Probe
[16:58:04] [INFO] ModConfig Loaded: true
[16:58:04] [INFO] JEI: Compost Recipe Pages Loaded:         2
[16:58:04] [INFO] JEI: Fluid Item Transform Recipes Loaded:       23
[16:58:04] [INFO] JEI: Fluid On Top Recipes Loaded:       2
[16:58:04] [INFO] JEI: Fluid Transform Recipes Loaded:    1
[16:58:04] [INFO] JEI: Hammer Recipes Loaded:             41
[16:58:04] [INFO] JEI: Crook Recipes Loaded:              1
[16:58:04] [INFO] JEI: Heat Sources Loaded:             8
[16:58:04] [INFO] JEI: Sieve Recipes Loaded:              52
[16:58:04] [INFO] JEI: Stone Crucible Recipes Loaded:       1
[16:58:04] [INFO] JEI: Wood Crucible Recipes Loaded:        1
[16:58:04] [INFO] Registered Hammer Catalyst: exnihilocreatio:hammer_wood
[16:58:04] [INFO] Registered Hammer Catalyst: exnihilocreatio:hammer_stone
[16:58:04] [INFO] Registered Hammer Catalyst: exnihilocreatio:hammer_iron
[16:58:04] [INFO] Registered Hammer Catalyst: exnihilocreatio:hammer_diamond
[16:58:04] [INFO] Registered Hammer Catalyst: exnihilocreatio:hammer_gold
[16:58:04] [INFO] Registered Crook Catalyst: exnihilocreatio:crook_wood
[16:58:04] [INFO] Registered Crook Catalyst: exnihilocreatio:crook_stone
[16:58:04] [INFO] Registered Crook Catalyst: exnihilocreatio:crook_andesite
[16:58:04] [INFO] Registered Crook Catalyst: exnihilocreatio:crook_granite
[16:58:04] [INFO] Registered Crook Catalyst: exnihilocreatio:crook_diorite
[16:58:04] [INFO] Registered Crook Catalyst: exnihilocreatio:crook_gold
[16:58:04] [INFO] Registered Crook Catalyst: exnihilocreatio:crook_iron
[16:58:04] [INFO] Registered Crook Catalyst: exnihilocreatio:crook_diamond
[16:58:04] [INFO] Registered Crook Catalyst: exnihilocreatio:crook_bone
[16:58:04] [INFO] Registered Crook Catalyst: exnihilocreatio:crook_clay_uncooked
[16:58:04] [INFO] Registered Crook Catalyst: exnihilocreatio:crook_clay
[16:58:04] [INFO] Registered Crook Catalyst: exnihilocreatio:crook_prismarine
[16:58:04] [INFO] Registered Crook Catalyst: exnihilocreatio:crook_netherrack
[16:58:04] [INFO] Registered Crook Catalyst: exnihilocreatio:crook_purpur
[16:58:04] [INFO] Registered Crook Catalyst: exnihilocreatio:crook_blaze
