[22:54:14] [WARN] Crucible entry for Oak Sapling with meta 0 already exists, skipping.
[22:54:14] [WARN] Crucible entry for Spruce Sapling with meta 1 already exists, skipping.
[22:54:14] [WARN] Crucible entry for Birch Sapling with meta 2 already exists, skipping.
[22:54:14] [WARN] Crucible entry for Jungle Sapling with meta 3 already exists, skipping.
[22:54:14] [WARN] Crucible entry for Acacia Sapling with meta 4 already exists, skipping.
[22:54:14] [WARN] Crucible entry for Dark Oak Sapling with meta 5 already exists, skipping.
[22:54:16] [INFO] Enabled support for The One Probe
[22:54:31] [INFO] ModConfig Loaded: true
[22:54:31] [INFO] JEI: Compost Recipe Pages Loaded:         2
[22:54:31] [INFO] JEI: Fluid Item Transform Recipes Loaded:       23
[22:54:31] [INFO] JEI: Fluid On Top Recipes Loaded:       2
[22:54:32] [INFO] JEI: Fluid Transform Recipes Loaded:    1
[22:54:32] [INFO] JEI: Hammer Recipes Loaded:             41
[22:54:32] [INFO] JEI: Crook Recipes Loaded:              1
[22:54:32] [INFO] JEI: Heat Sources Loaded:             8
[22:54:32] [INFO] JEI: Sieve Recipes Loaded:              52
[22:54:32] [INFO] JEI: Stone Crucible Recipes Loaded:       1
[22:54:32] [INFO] JEI: Wood Crucible Recipes Loaded:        1
[22:54:32] [INFO] Registered Hammer Catalyst: exnihilocreatio:hammer_wood
[22:54:32] [INFO] Registered Hammer Catalyst: exnihilocreatio:hammer_stone
[22:54:32] [INFO] Registered Hammer Catalyst: exnihilocreatio:hammer_iron
[22:54:32] [INFO] Registered Hammer Catalyst: exnihilocreatio:hammer_diamond
[22:54:32] [INFO] Registered Hammer Catalyst: exnihilocreatio:hammer_gold
[22:54:32] [INFO] Registered Crook Catalyst: exnihilocreatio:crook_wood
[22:54:32] [INFO] Registered Crook Catalyst: exnihilocreatio:crook_stone
[22:54:32] [INFO] Registered Crook Catalyst: exnihilocreatio:crook_andesite
[22:54:32] [INFO] Registered Crook Catalyst: exnihilocreatio:crook_granite
[22:54:32] [INFO] Registered Crook Catalyst: exnihilocreatio:crook_diorite
[22:54:32] [INFO] Registered Crook Catalyst: exnihilocreatio:crook_gold
[22:54:32] [INFO] Registered Crook Catalyst: exnihilocreatio:crook_iron
[22:54:32] [INFO] Registered Crook Catalyst: exnihilocreatio:crook_diamond
[22:54:32] [INFO] Registered Crook Catalyst: exnihilocreatio:crook_bone
[22:54:32] [INFO] Registered Crook Catalyst: exnihilocreatio:crook_clay_uncooked
[22:54:32] [INFO] Registered Crook Catalyst: exnihilocreatio:crook_clay
[22:54:32] [INFO] Registered Crook Catalyst: exnihilocreatio:crook_prismarine
[22:54:32] [INFO] Registered Crook Catalyst: exnihilocreatio:crook_netherrack
[22:54:32] [INFO] Registered Crook Catalyst: exnihilocreatio:crook_purpur
[22:54:32] [INFO] Registered Crook Catalyst: exnihilocreatio:crook_blaze
