[14:23:25] [WARN] Crucible entry for Oak Sapling with meta 0 already exists, skipping.
[14:23:25] [WARN] Crucible entry for Spruce Sapling with meta 1 already exists, skipping.
[14:23:25] [WARN] Crucible entry for Birch Sapling with meta 2 already exists, skipping.
[14:23:25] [WARN] Crucible entry for Jungle Sapling with meta 3 already exists, skipping.
[14:23:25] [WARN] Crucible entry for Acacia Sapling with meta 4 already exists, skipping.
[14:23:25] [WARN] Crucible entry for Dark Oak Sapling with meta 5 already exists, skipping.
[14:23:28] [INFO] Enabled support for The One Probe
[14:23:44] [INFO] ModConfig Loaded: true
[14:23:44] [INFO] JEI: Compost Recipe Pages Loaded:         2
[14:23:44] [INFO] JEI: Fluid Item Transform Recipes Loaded:       23
[14:23:44] [INFO] JEI: Fluid On Top Recipes Loaded:       2
[14:23:44] [INFO] JEI: Fluid Transform Recipes Loaded:    1
[14:23:44] [INFO] JEI: Hammer Recipes Loaded:             41
[14:23:44] [INFO] JEI: Crook Recipes Loaded:              1
[14:23:44] [INFO] JEI: Heat Sources Loaded:             6
[14:23:44] [INFO] JEI: Sieve Recipes Loaded:              52
[14:23:44] [INFO] JEI: Stone Crucible Recipes Loaded:       1
[14:23:44] [INFO] JEI: Wood Crucible Recipes Loaded:        1
[14:23:44] [INFO] Registered Hammer Catalyst: exnihilocreatio:hammer_wood
[14:23:44] [INFO] Registered Hammer Catalyst: exnihilocreatio:hammer_stone
[14:23:44] [INFO] Registered Hammer Catalyst: exnihilocreatio:hammer_iron
[14:23:44] [INFO] Registered Hammer Catalyst: exnihilocreatio:hammer_diamond
[14:23:44] [INFO] Registered Hammer Catalyst: exnihilocreatio:hammer_gold
[14:23:44] [INFO] Registered Crook Catalyst: exnihilocreatio:crook_wood
[14:23:44] [INFO] Registered Crook Catalyst: exnihilocreatio:crook_stone
[14:23:44] [INFO] Registered Crook Catalyst: exnihilocreatio:crook_andesite
[14:23:44] [INFO] Registered Crook Catalyst: exnihilocreatio:crook_granite
[14:23:44] [INFO] Registered Crook Catalyst: exnihilocreatio:crook_diorite
[14:23:44] [INFO] Registered Crook Catalyst: exnihilocreatio:crook_gold
[14:23:44] [INFO] Registered Crook Catalyst: exnihilocreatio:crook_iron
[14:23:44] [INFO] Registered Crook Catalyst: exnihilocreatio:crook_diamond
[14:23:44] [INFO] Registered Crook Catalyst: exnihilocreatio:crook_bone
[14:23:44] [INFO] Registered Crook Catalyst: exnihilocreatio:crook_clay_uncooked
[14:23:44] [INFO] Registered Crook Catalyst: exnihilocreatio:crook_clay
[14:23:44] [INFO] Registered Crook Catalyst: exnihilocreatio:crook_prismarine
[14:23:44] [INFO] Registered Crook Catalyst: exnihilocreatio:crook_netherrack
[14:23:44] [INFO] Registered Crook Catalyst: exnihilocreatio:crook_purpur
[14:23:44] [INFO] Registered Crook Catalyst: exnihilocreatio:crook_blaze
